[2024-05-11 10:02:00] local.ERROR: Vite manifest not found at: E:\Varhan Kuliah\KULIAH\Semester 4\FRAMEWORK\praktikum modul 8\praktikum8\public\build/manifest.json {"view":{"view":"E:\\Varhan Kuliah\\KULIAH\\Semester 4\\FRAMEWORK\\praktikum modul 8\\praktikum8\\resources\\views\\layouts\\app.blade.php","data":{"errors":"<pre class=sf-dump id=sf-dump-1448154609 data-indent-pad=\"  \"><span class=sf-dump-note>Illuminate\\Support\\ViewErrorBag</span> {<a class=sf-dump-ref>#302</a><samp data-depth=1 class=sf-dump-expanded>
  #<span class=sf-dump-protected title=\"Protected property\">bags</span>: []
</samp>}
</pre><script>Sfdump(\"sf-dump-1448154609\", {\"maxDepth\":3,\"maxStringLength\":160})</script>
"}},"exception":"[object] (Spatie\\LaravelIgnition\\Exceptions\\ViewException(code: 0): Vite manifest not found at: E:\\Varhan Kuliah\\KULIAH\\Semester 4\\FRAMEWORK\\praktikum modul 8\\praktikum8\\public\\build/manifest.json at E:\\Varhan Kuliah\\KULIAH\\Semester 4\\FRAMEWORK\\praktikum modul 8\\praktikum8\\vendor\\laravel\\framework\\src\\Illuminate\\Foundation\\Vite.php:728)
[stacktrace]
#0 E:\\Varhan Kuliah\\KULIAH\\Semester 4\\FRAMEWORK\\praktikum modul 8\\praktikum8\\vendor\\laravel\\framework\\src\\Illuminate\\Foundation\\Vite.php(293): Illuminate\\Foundation\\Vite->manifest('build')
#1 E:\\Varhan Kuliah\\KULIAH\\Semester 4\\FRAMEWORK\\praktikum modul 8\\praktikum8\\resources\\views\\layouts\\app.blade.php(17): Illuminate\\Foundation\\Vite->__invoke(Object(Illuminate\\Support\\Collection))
#2 E:\\Varhan Kuliah\\KULIAH\\Semester 4\\FRAMEWORK\\praktikum modul 8\\praktikum8\\vendor\\laravel\\framework\\src\\Illuminate\\Filesystem\\Filesystem.php(123): require('E:\\\\Varhan Kulia...')
#3 E:\\Varhan Kuliah\\KULIAH\\Semester 4\\FRAMEWORK\\praktikum modul 8\\praktikum8\\vendor\\laravel\\framework\\src\\Illuminate\\Filesystem\\Filesystem.php(124): Illuminate\\Filesystem\\Filesystem::Illuminate\\Filesystem\\{closure}()
#4 E:\\Varhan Kuliah\\KULIAH\\Semester 4\\FRAMEWORK\\praktikum modul 8\\praktikum8\\vendor\\laravel\\framework\\src\\Illuminate\\View\\Engines\\PhpEngine.php(58): Illuminate\\Filesystem\\Filesystem->getRequire('E:\\\\Varhan Kulia...', Array)
#5 E:\\Varhan Kuliah\\KULIAH\\Semester 4\\FRAMEWORK\\praktikum modul 8\\praktikum8\\vendor\\laravel\\framework\\src\\Illuminate\\View\\Engines\\CompilerEngine.php(73): Illuminate\\View\\Engines\\PhpEngine->evaluatePath('E:\\\\Varhan Kulia...', Array)
#6 E:\\Varhan Kuliah\\KULIAH\\Semester 4\\FRAMEWORK\\praktikum modul 8\\praktikum8\\vendor\\laravel\\framework\\src\\Illuminate\\View\\View.php(208): Illuminate\\View\\Engines\\CompilerEngine->get('E:\\\\Varhan Kulia...', Array)
#7 E:\\Varhan Kuliah\\KULIAH\\Semester 4\\FRAMEWORK\\praktikum modul 8\\praktikum8\\vendor\\laravel\\framework\\src\\Illuminate\\View\\View.php(191): Illuminate\\View\\View->getContents()
#8 E:\\Varhan Kuliah\\KULIAH\\Semester 4\\FRAMEWORK\\praktikum modul 8\\praktikum8\\vendor\\laravel\\framework\\src\\Illuminate\\View\\View.php(160): Illuminate\\View\\View->renderContents()
#9 E:\\Varhan Kuliah\\KULIAH\\Semester 4\\FRAMEWORK\\praktikum modul 8\\praktikum8\\resources\\views\\auth\\login.blade.php(73): Illuminate\\View\\View->render()
#10 E:\\Varhan Kuliah\\KULIAH\\Semester 4\\FRAMEWORK\\praktikum modul 8\\praktikum8\\vendor\\laravel\\framework\\src\\Illuminate\\Filesystem\\Filesystem.php(123): require('E:\\\\Varhan Kulia...')
#11 E:\\Varhan Kuliah\\KULIAH\\Semester 4\\FRAMEWORK\\praktikum modul 8\\praktikum8\\vendor\\laravel\\framework\\src\\Illuminate\\Filesystem\\Filesystem.php(124): Illuminate\\Filesystem\\Filesystem::Illuminate\\Filesystem\\{closure}()
#12 E:\\Varhan Kuliah\\KULIAH\\Semester 4\\FRAMEWORK\\praktikum modul 8\\praktikum8\\vendor\\laravel\\framework\\src\\Illuminate\\View\\Engines\\PhpEngine.php(58): Illuminate\\Filesystem\\Filesystem->getRequire('E:\\\\Varhan Kulia...', Array)
#13 E:\\Varhan Kuliah\\KULIAH\\Semester 4\\FRAMEWORK\\praktikum modul 8\\praktikum8\\vendor\\laravel\\framework\\src\\Illuminate\\View\\Engines\\CompilerEngine.php(73): Illuminate\\View\\Engines\\PhpEngine->evaluatePath('E:\\\\Varhan Kulia...', Array)
#14 E:\\Varhan Kuliah\\KULIAH\\Semester 4\\FRAMEWORK\\praktikum modul 8\\praktikum8\\vendor\\laravel\\framework\\src\\Illuminate\\View\\View.php(208): Illuminate\\View\\Engines\\CompilerEngine->get('E:\\\\Varhan Kulia...', Array)
#15 E:\\Varhan Kuliah\\KULIAH\\Semester 4\\FRAMEWORK\\praktikum modul 8\\praktikum8\\vendor\\laravel\\framework\\src\\Illuminate\\View\\View.php(191): Illuminate\\View\\View->getContents()
#16 E:\\Varhan Kuliah\\KULIAH\\Semester 4\\FRAMEWORK\\praktikum modul 8\\praktikum8\\vendor\\laravel\\framework\\src\\Illuminate\\View\\View.php(160): Illuminate\\View\\View->renderContents()
#17 E:\\Varhan Kuliah\\KULIAH\\Semester 4\\FRAMEWORK\\praktikum modul 8\\praktikum8\\vendor\\laravel\\framework\\src\\Illuminate\\Http\\Response.php(70): Illuminate\\View\\View->render()
#18 E:\\Varhan Kuliah\\KULIAH\\Semester 4\\FRAMEWORK\\praktikum modul 8\\praktikum8\\vendor\\laravel\\framework\\src\\Illuminate\\Http\\Response.php(35): Illuminate\\Http\\Response->setContent(Object(Illuminate\\View\\View))
#19 E:\\Varhan Kuliah\\KULIAH\\Semester 4\\FRAMEWORK\\praktikum modul 8\\praktikum8\\vendor\\laravel\\framework\\src\\Illuminate\\Routing\\Router.php(918): Illuminate\\Http\\Response->__construct(Object(Illuminate\\View\\View), 200, Array)
#20 E:\\Varhan Kuliah\\KULIAH\\Semester 4\\FRAMEWORK\\praktikum modul 8\\praktikum8\\vendor\\laravel\\framework\\src\\Illuminate\\Routing\\Router.php(885): Illuminate\\Routing\\Router::toResponse(Object(Illuminate\\Http\\Request), Object(Illuminate\\View\\View))
#21 E:\\Varhan Kuliah\\KULIAH\\Semester 4\\FRAMEWORK\\praktikum modul 8\\praktikum8\\vendor\\laravel\\framework\\src\\Illuminate\\Routing\\Router.php(805): Illuminate\\Routing\\Router->prepareResponse(Object(Illuminate\\Http\\Request), Object(Illuminate\\View\\View))
#22 E:\\Varhan Kuliah\\KULIAH\\Semester 4\\FRAMEWORK\\praktikum modul 8\\praktikum8\\vendor\\laravel\\framework\\src\\Illuminate\\Pipeline\\Pipeline.php(144): Illuminate\\Routing\\Router->Illuminate\\Routing\\{closure}(Object(Illuminate\\Http\\Request))
#23 E:\\Varhan Kuliah\\KULIAH\\Semester 4\\FRAMEWORK\\praktikum modul 8\\praktikum8\\vendor\\laravel\\framework\\src\\Illuminate\\Auth\\Middleware\\RedirectIfAuthenticated.php(35): Illuminate\\Pipeline\\Pipeline->Illuminate\\Pipeline\\{closure}(Object(Illuminate\\Http\\Request))
#24 E:\\Varhan Kuliah\\KULIAH\\Semester 4\\FRAMEWORK\\praktikum modul 8\\praktikum8\\vendor\\laravel\\framework\\src\\Illuminate\\Pipeline\\Pipeline.php(183): Illuminate\\Auth\\Middleware\\RedirectIfAuthenticated->handle(Object(Illuminate\\Http\\Request), Object(Closure))
#25 E:\\Varhan Kuliah\\KULIAH\\Semester 4\\FRAMEWORK\\praktikum modul 8\\praktikum8\\vendor\\laravel\\framework\\src\\Illuminate\\Routing\\Middleware\\SubstituteBindings.php(50): Illuminate\\Pipeline\\Pipeline->Illuminate\\Pipeline\\{closure}(Object(Illuminate\\Http\\Request))
#26 E:\\Varhan Kuliah\\KULIAH\\Semester 4\\FRAMEWORK\\praktikum modul 8\\praktikum8\\vendor\\laravel\\framework\\src\\Illuminate\\Pipeline\\Pipeline.php(183): Illuminate\\Routing\\Middleware\\SubstituteBindings->handle(Object(Illuminate\\Http\\Request), Object(Closure))
#27 E:\\Varhan Kuliah\\KULIAH\\Semester 4\\FRAMEWORK\\praktikum modul 8\\praktikum8\\vendor\\laravel\\framework\\src\\Illuminate\\Foundation\\Http\\Middleware\\VerifyCsrfToken.php(88): Illuminate\\Pipeline\\Pipeline->Illuminate\\Pipeline\\{closure}(Object(Illuminate\\Http\\Request))
#28 E:\\Varhan Kuliah\\KULIAH\\Semester 4\\FRAMEWORK\\praktikum modul 8\\praktikum8\\vendor\\laravel\\framework\\src\\Illuminate\\Pipeline\\Pipeline.php(183): Illuminate\\Foundation\\Http\\Middleware\\VerifyCsrfToken->handle(Object(Illuminate\\Http\\Request), Object(Closure))
#29 E:\\Varhan Kuliah\\KULIAH\\Semester 4\\FRAMEWORK\\praktikum modul 8\\praktikum8\\vendor\\laravel\\framework\\src\\Illuminate\\View\\Middleware\\ShareErrorsFromSession.php(49): Illuminate\\Pipeline\\Pipeline->Illuminate\\Pipeline\\{closure}(Object(Illuminate\\Http\\Request))
#30 E:\\Varhan Kuliah\\KULIAH\\Semester 4\\FRAMEWORK\\praktikum modul 8\\praktikum8\\vendor\\laravel\\framework\\src\\Illuminate\\Pipeline\\Pipeline.php(183): Illuminate\\View\\Middleware\\ShareErrorsFromSession->handle(Object(Illuminate\\Http\\Request), Object(Closure))
#31 E:\\Varhan Kuliah\\KULIAH\\Semester 4\\FRAMEWORK\\praktikum modul 8\\praktikum8\\vendor\\laravel\\framework\\src\\Illuminate\\Session\\Middleware\\StartSession.php(121): Illuminate\\Pipeline\\Pipeline->Illuminate\\Pipeline\\{closure}(Object(Illuminate\\Http\\Request))
#32 E:\\Varhan Kuliah\\KULIAH\\Semester 4\\FRAMEWORK\\praktikum modul 8\\praktikum8\\vendor\\laravel\\framework\\src\\Illuminate\\Session\\Middleware\\StartSession.php(64): Illuminate\\Session\\Middleware\\StartSession->handleStatefulRequest(Object(Illuminate\\Http\\Request), Object(Illuminate\\Session\\Store), Object(Closure))
#33 E:\\Varhan Kuliah\\KULIAH\\Semester 4\\FRAMEWORK\\praktikum modul 8\\praktikum8\\vendor\\laravel\\framework\\src\\Illuminate\\Pipeline\\Pipeline.php(183): Illuminate\\Session\\Middleware\\StartSession->handle(Object(Illuminate\\Http\\Request), Object(Closure))
#34 E:\\Varhan Kuliah\\KULIAH\\Semester 4\\FRAMEWORK\\praktikum modul 8\\praktikum8\\vendor\\laravel\\framework\\src\\Illuminate\\Cookie\\Middleware\\AddQueuedCookiesToResponse.php(37): Illuminate\\Pipeline\\Pipeline->Illuminate\\Pipeline\\{closure}(Object(Illuminate\\Http\\Request))
#35 E:\\Varhan Kuliah\\KULIAH\\Semester 4\\FRAMEWORK\\praktikum modul 8\\praktikum8\\vendor\\laravel\\framework\\src\\Illuminate\\Pipeline\\Pipeline.php(183): Illuminate\\Cookie\\Middleware\\AddQueuedCookiesToResponse->handle(Object(Illuminate\\Http\\Request), Object(Closure))
#36 E:\\Varhan Kuliah\\KULIAH\\Semester 4\\FRAMEWORK\\praktikum modul 8\\praktikum8\\vendor\\laravel\\framework\\src\\Illuminate\\Cookie\\Middleware\\EncryptCookies.php(75): Illuminate\\Pipeline\\Pipeline->Illuminate\\Pipeline\\{closure}(Object(Illuminate\\Http\\Request))
#37 E:\\Varhan Kuliah\\KULIAH\\Semester 4\\FRAMEWORK\\praktikum modul 8\\praktikum8\\vendor\\laravel\\framework\\src\\Illuminate\\Pipeline\\Pipeline.php(183): Illuminate\\Cookie\\Middleware\\EncryptCookies->handle(Object(Illuminate\\Http\\Request), Object(Closure))
#38 E:\\Varhan Kuliah\\KULIAH\\Semester 4\\FRAMEWORK\\praktikum modul 8\\praktikum8\\vendor\\laravel\\framework\\src\\Illuminate\\Pipeline\\Pipeline.php(119): Illuminate\\Pipeline\\Pipeline->Illuminate\\Pipeline\\{closure}(Object(Illuminate\\Http\\Request))
#39 E:\\Varhan Kuliah\\KULIAH\\Semester 4\\FRAMEWORK\\praktikum modul 8\\praktikum8\\vendor\\laravel\\framework\\src\\Illuminate\\Routing\\Router.php(805): Illuminate\\Pipeline\\Pipeline->then(Object(Closure))
#40 E:\\Varhan Kuliah\\KULIAH\\Semester 4\\FRAMEWORK\\praktikum modul 8\\praktikum8\\vendor\\laravel\\framework\\src\\Illuminate\\Routing\\Router.php(784): Illuminate\\Routing\\Router->runRouteWithinStack(Object(Illuminate\\Routing\\Route), Object(Illuminate\\Http\\Request))
#41 E:\\Varhan Kuliah\\KULIAH\\Semester 4\\FRAMEWORK\\praktikum modul 8\\praktikum8\\vendor\\laravel\\framework\\src\\Illuminate\\Routing\\Router.php(748): Illuminate\\Routing\\Router->runRoute(Object(Illuminate\\Http\\Request), Object(Illuminate\\Routing\\Route))
#42 E:\\Varhan Kuliah\\KULIAH\\Semester 4\\FRAMEWORK\\praktikum modul 8\\praktikum8\\vendor\\laravel\\framework\\src\\Illuminate\\Routing\\Router.php(737): Illuminate\\Routing\\Router->dispatchToRoute(Object(Illuminate\\Http\\Request))
#43 E:\\Varhan Kuliah\\KULIAH\\Semester 4\\FRAMEWORK\\praktikum modul 8\\praktikum8\\vendor\\laravel\\framework\\src\\Illuminate\\Foundation\\Http\\Kernel.php(200): Illuminate\\Routing\\Router->dispatch(Object(Illuminate\\Http\\Request))
#44 E:\\Varhan Kuliah\\KULIAH\\Semester 4\\FRAMEWORK\\praktikum modul 8\\praktikum8\\vendor\\laravel\\framework\\src\\Illuminate\\Pipeline\\Pipeline.php(144): Illuminate\\Foundation\\Http\\Kernel->Illuminate\\Foundation\\Http\\{closure}(Object(Illuminate\\Http\\Request))
#45 E:\\Varhan Kuliah\\KULIAH\\Semester 4\\FRAMEWORK\\praktikum modul 8\\praktikum8\\vendor\\laravel\\framework\\src\\Illuminate\\Foundation\\Http\\Middleware\\TransformsRequest.php(21): Illuminate\\Pipeline\\Pipeline->Illuminate\\Pipeline\\{closure}(Object(Illuminate\\Http\\Request))
#46 E:\\Varhan Kuliah\\KULIAH\\Semester 4\\FRAMEWORK\\praktikum modul 8\\praktikum8\\vendor\\laravel\\framework\\src\\Illuminate\\Foundation\\Http\\Middleware\\ConvertEmptyStringsToNull.php(31): Illuminate\\Foundation\\Http\\Middleware\\TransformsRequest->handle(Object(Illuminate\\Http\\Request), Object(Closure))
#47 E:\\Varhan Kuliah\\KULIAH\\Semester 4\\FRAMEWORK\\praktikum modul 8\\praktikum8\\vendor\\laravel\\framework\\src\\Illuminate\\Pipeline\\Pipeline.php(183): Illuminate\\Foundation\\Http\\Middleware\\ConvertEmptyStringsToNull->handle(Object(Illuminate\\Http\\Request), Object(Closure))
#48 E:\\Varhan Kuliah\\KULIAH\\Semester 4\\FRAMEWORK\\praktikum modul 8\\praktikum8\\vendor\\laravel\\framework\\src\\Illuminate\\Foundation\\Http\\Middleware\\TransformsRequest.php(21): Illuminate\\Pipeline\\Pipeline->Illuminate\\Pipeline\\{closure}(Object(Illuminate\\Http\\Request))
#49 E:\\Varhan Kuliah\\KULIAH\\Semester 4\\FRAMEWORK\\praktikum modul 8\\praktikum8\\vendor\\laravel\\framework\\src\\Illuminate\\Foundation\\Http\\Middleware\\TrimStrings.php(51): Illuminate\\Foundation\\Http\\Middleware\\TransformsRequest->handle(Object(Illuminate\\Http\\Request), Object(Closure))
#50 E:\\Varhan Kuliah\\KULIAH\\Semester 4\\FRAMEWORK\\praktikum modul 8\\praktikum8\\vendor\\laravel\\framework\\src\\Illuminate\\Pipeline\\Pipeline.php(183): Illuminate\\Foundation\\Http\\Middleware\\TrimStrings->handle(Object(Illuminate\\Http\\Request), Object(Closure))
#51 E:\\Varhan Kuliah\\KULIAH\\Semester 4\\FRAMEWORK\\praktikum modul 8\\praktikum8\\vendor\\laravel\\framework\\src\\Illuminate\\Http\\Middleware\\ValidatePostSize.php(27): Illuminate\\Pipeline\\Pipeline->Illuminate\\Pipeline\\{closure}(Object(Illuminate\\Http\\Request))
#52 E:\\Varhan Kuliah\\KULIAH\\Semester 4\\FRAMEWORK\\praktikum modul 8\\praktikum8\\vendor\\laravel\\framework\\src\\Illuminate\\Pipeline\\Pipeline.php(183): Illuminate\\Http\\Middleware\\ValidatePostSize->handle(Object(Illuminate\\Http\\Request), Object(Closure))
#53 E:\\Varhan Kuliah\\KULIAH\\Semester 4\\FRAMEWORK\\praktikum modul 8\\praktikum8\\vendor\\laravel\\framework\\src\\Illuminate\\Foundation\\Http\\Middleware\\PreventRequestsDuringMaintenance.php(110): Illuminate\\Pipeline\\Pipeline->Illuminate\\Pipeline\\{closure}(Object(Illuminate\\Http\\Request))
#54 E:\\Varhan Kuliah\\KULIAH\\Semester 4\\FRAMEWORK\\praktikum modul 8\\praktikum8\\vendor\\laravel\\framework\\src\\Illuminate\\Pipeline\\Pipeline.php(183): Illuminate\\Foundation\\Http\\Middleware\\PreventRequestsDuringMaintenance->handle(Object(Illuminate\\Http\\Request), Object(Closure))
#55 E:\\Varhan Kuliah\\KULIAH\\Semester 4\\FRAMEWORK\\praktikum modul 8\\praktikum8\\vendor\\laravel\\framework\\src\\Illuminate\\Http\\Middleware\\HandleCors.php(49): Illuminate\\Pipeline\\Pipeline->Illuminate\\Pipeline\\{closure}(Object(Illuminate\\Http\\Request))
#56 E:\\Varhan Kuliah\\KULIAH\\Semester 4\\FRAMEWORK\\praktikum modul 8\\praktikum8\\vendor\\laravel\\framework\\src\\Illuminate\\Pipeline\\Pipeline.php(183): Illuminate\\Http\\Middleware\\HandleCors->handle(Object(Illuminate\\Http\\Request), Object(Closure))
#57 E:\\Varhan Kuliah\\KULIAH\\Semester 4\\FRAMEWORK\\praktikum modul 8\\praktikum8\\vendor\\laravel\\framework\\src\\Illuminate\\Http\\Middleware\\TrustProxies.php(57): Illuminate\\Pipeline\\Pipeline->Illuminate\\Pipeline\\{closure}(Object(Illuminate\\Http\\Request))
#58 E:\\Varhan Kuliah\\KULIAH\\Semester 4\\FRAMEWORK\\praktikum modul 8\\praktikum8\\vendor\\laravel\\framework\\src\\Illuminate\\Pipeline\\Pipeline.php(183): Illuminate\\Http\\Middleware\\TrustProxies->handle(Object(Illuminate\\Http\\Request), Object(Closure))
#59 E:\\Varhan Kuliah\\KULIAH\\Semester 4\\FRAMEWORK\\praktikum modul 8\\praktikum8\\vendor\\laravel\\framework\\src\\Illuminate\\Pipeline\\Pipeline.php(119): Illuminate\\Pipeline\\Pipeline->Illuminate\\Pipeline\\{closure}(Object(Illuminate\\Http\\Request))
#60 E:\\Varhan Kuliah\\KULIAH\\Semester 4\\FRAMEWORK\\praktikum modul 8\\praktikum8\\vendor\\laravel\\framework\\src\\Illuminate\\Foundation\\Http\\Kernel.php(175): Illuminate\\Pipeline\\Pipeline->then(Object(Closure))
#61 E:\\Varhan Kuliah\\KULIAH\\Semester 4\\FRAMEWORK\\praktikum modul 8\\praktikum8\\vendor\\laravel\\framework\\src\\Illuminate\\Foundation\\Http\\Kernel.php(144): Illuminate\\Foundation\\Http\\Kernel->sendRequestThroughRouter(Object(Illuminate\\Http\\Request))
#62 E:\\Varhan Kuliah\\KULIAH\\Semester 4\\FRAMEWORK\\praktikum modul 8\\praktikum8\\vendor\\laravel\\framework\\src\\Illuminate\\Foundation\\Application.php(1172): Illuminate\\Foundation\\Http\\Kernel->handle(Object(Illuminate\\Http\\Request))
#63 E:\\Varhan Kuliah\\KULIAH\\Semester 4\\FRAMEWORK\\praktikum modul 8\\praktikum8\\public\\index.php(17): Illuminate\\Foundation\\Application->handleRequest(Object(Illuminate\\Http\\Request))
#64 E:\\Varhan Kuliah\\KULIAH\\Semester 4\\FRAMEWORK\\praktikum modul 8\\praktikum8\\vendor\\laravel\\framework\\src\\Illuminate\\Foundation\\resources\\server.php(16): require_once('E:\\\\Varhan Kulia...')
#65 {main}

[previous exception] [object] (Illuminate\\Foundation\\ViteManifestNotFoundException(code: 0): Vite manifest not found at: E:\\Varhan Kuliah\\KULIAH\\Semester 4\\FRAMEWORK\\praktikum modul 8\\praktikum8\\public\\build/manifest.json at E:\\Varhan Kuliah\\KULIAH\\Semester 4\\FRAMEWORK\\praktikum modul 8\\praktikum8\\vendor\\laravel\\framework\\src\\Illuminate\\Foundation\\Vite.php:728)
[stacktrace]
#0 E:\\Varhan Kuliah\\KULIAH\\Semester 4\\FRAMEWORK\\praktikum modul 8\\praktikum8\\vendor\\laravel\\framework\\src\\Illuminate\\Foundation\\Vite.php(293): Illuminate\\Foundation\\Vite->manifest('build')
#1 E:\\Varhan Kuliah\\KULIAH\\Semester 4\\FRAMEWORK\\praktikum modul 8\\praktikum8\\storage\\framework\\views\\990a76cf4f4e90473496f4733d353c38.php(17): Illuminate\\Foundation\\Vite->__invoke(Object(Illuminate\\Support\\Collection))
#2 E:\\Varhan Kuliah\\KULIAH\\Semester 4\\FRAMEWORK\\praktikum modul 8\\praktikum8\\vendor\\laravel\\framework\\src\\Illuminate\\Filesystem\\Filesystem.php(123): require('E:\\\\Varhan Kulia...')
#3 E:\\Varhan Kuliah\\KULIAH\\Semester 4\\FRAMEWORK\\praktikum modul 8\\praktikum8\\vendor\\laravel\\framework\\src\\Illuminate\\Filesystem\\Filesystem.php(124): Illuminate\\Filesystem\\Filesystem::Illuminate\\Filesystem\\{closure}()
#4 E:\\Varhan Kuliah\\KULIAH\\Semester 4\\FRAMEWORK\\praktikum modul 8\\praktikum8\\vendor\\laravel\\framework\\src\\Illuminate\\View\\Engines\\PhpEngine.php(58): Illuminate\\Filesystem\\Filesystem->getRequire('E:\\\\Varhan Kulia...', Array)
#5 E:\\Varhan Kuliah\\KULIAH\\Semester 4\\FRAMEWORK\\praktikum modul 8\\praktikum8\\vendor\\laravel\\framework\\src\\Illuminate\\View\\Engines\\CompilerEngine.php(73): Illuminate\\View\\Engines\\PhpEngine->evaluatePath('E:\\\\Varhan Kulia...', Array)
#6 E:\\Varhan Kuliah\\KULIAH\\Semester 4\\FRAMEWORK\\praktikum modul 8\\praktikum8\\vendor\\laravel\\framework\\src\\Illuminate\\View\\View.php(208): Illuminate\\View\\Engines\\CompilerEngine->get('E:\\\\Varhan Kulia...', Array)
#7 E:\\Varhan Kuliah\\KULIAH\\Semester 4\\FRAMEWORK\\praktikum modul 8\\praktikum8\\vendor\\laravel\\framework\\src\\Illuminate\\View\\View.php(191): Illuminate\\View\\View->getContents()
#8 E:\\Varhan Kuliah\\KULIAH\\Semester 4\\FRAMEWORK\\praktikum modul 8\\praktikum8\\vendor\\laravel\\framework\\src\\Illuminate\\View\\View.php(160): Illuminate\\View\\View->renderContents()
#9 E:\\Varhan Kuliah\\KULIAH\\Semester 4\\FRAMEWORK\\praktikum modul 8\\praktikum8\\storage\\framework\\views\\43da214505dc1094518c40bf3689b1cb.php(104): Illuminate\\View\\View->render()
#10 E:\\Varhan Kuliah\\KULIAH\\Semester 4\\FRAMEWORK\\praktikum modul 8\\praktikum8\\vendor\\laravel\\framework\\src\\Illuminate\\Filesystem\\Filesystem.php(123): require('E:\\\\Varhan Kulia...')
#11 E:\\Varhan Kuliah\\KULIAH\\Semester 4\\FRAMEWORK\\praktikum modul 8\\praktikum8\\vendor\\laravel\\framework\\src\\Illuminate\\Filesystem\\Filesystem.php(124): Illuminate\\Filesystem\\Filesystem::Illuminate\\Filesystem\\{closure}()
#12 E:\\Varhan Kuliah\\KULIAH\\Semester 4\\FRAMEWORK\\praktikum modul 8\\praktikum8\\vendor\\laravel\\framework\\src\\Illuminate\\View\\Engines\\PhpEngine.php(58): Illuminate\\Filesystem\\Filesystem->getRequire('E:\\\\Varhan Kulia...', Array)
#13 E:\\Varhan Kuliah\\KULIAH\\Semester 4\\FRAMEWORK\\praktikum modul 8\\praktikum8\\vendor\\laravel\\framework\\src\\Illuminate\\View\\Engines\\CompilerEngine.php(73): Illuminate\\View\\Engines\\PhpEngine->evaluatePath('E:\\\\Varhan Kulia...', Array)
#14 E:\\Varhan Kuliah\\KULIAH\\Semester 4\\FRAMEWORK\\praktikum modul 8\\praktikum8\\vendor\\laravel\\framework\\src\\Illuminate\\View\\View.php(208): Illuminate\\View\\Engines\\CompilerEngine->get('E:\\\\Varhan Kulia...', Array)
#15 E:\\Varhan Kuliah\\KULIAH\\Semester 4\\FRAMEWORK\\praktikum modul 8\\praktikum8\\vendor\\laravel\\framework\\src\\Illuminate\\View\\View.php(191): Illuminate\\View\\View->getContents()
#16 E:\\Varhan Kuliah\\KULIAH\\Semester 4\\FRAMEWORK\\praktikum modul 8\\praktikum8\\vendor\\laravel\\framework\\src\\Illuminate\\View\\View.php(160): Illuminate\\View\\View->renderContents()
#17 E:\\Varhan Kuliah\\KULIAH\\Semester 4\\FRAMEWORK\\praktikum modul 8\\praktikum8\\vendor\\laravel\\framework\\src\\Illuminate\\Http\\Response.php(70): Illuminate\\View\\View->render()
#18 E:\\Varhan Kuliah\\KULIAH\\Semester 4\\FRAMEWORK\\praktikum modul 8\\praktikum8\\vendor\\laravel\\framework\\src\\Illuminate\\Http\\Response.php(35): Illuminate\\Http\\Response->setContent(Object(Illuminate\\View\\View))
#19 E:\\Varhan Kuliah\\KULIAH\\Semester 4\\FRAMEWORK\\praktikum modul 8\\praktikum8\\vendor\\laravel\\framework\\src\\Illuminate\\Routing\\Router.php(918): Illuminate\\Http\\Response->__construct(Object(Illuminate\\View\\View), 200, Array)
#20 E:\\Varhan Kuliah\\KULIAH\\Semester 4\\FRAMEWORK\\praktikum modul 8\\praktikum8\\vendor\\laravel\\framework\\src\\Illuminate\\Routing\\Router.php(885): Illuminate\\Routing\\Router::toResponse(Object(Illuminate\\Http\\Request), Object(Illuminate\\View\\View))
#21 E:\\Varhan Kuliah\\KULIAH\\Semester 4\\FRAMEWORK\\praktikum modul 8\\praktikum8\\vendor\\laravel\\framework\\src\\Illuminate\\Routing\\Router.php(805): Illuminate\\Routing\\Router->prepareResponse(Object(Illuminate\\Http\\Request), Object(Illuminate\\View\\View))
#22 E:\\Varhan Kuliah\\KULIAH\\Semester 4\\FRAMEWORK\\praktikum modul 8\\praktikum8\\vendor\\laravel\\framework\\src\\Illuminate\\Pipeline\\Pipeline.php(144): Illuminate\\Routing\\Router->Illuminate\\Routing\\{closure}(Object(Illuminate\\Http\\Request))
#23 E:\\Varhan Kuliah\\KULIAH\\Semester 4\\FRAMEWORK\\praktikum modul 8\\praktikum8\\vendor\\laravel\\framework\\src\\Illuminate\\Auth\\Middleware\\RedirectIfAuthenticated.php(35): Illuminate\\Pipeline\\Pipeline->Illuminate\\Pipeline\\{closure}(Object(Illuminate\\Http\\Request))
#24 E:\\Varhan Kuliah\\KULIAH\\Semester 4\\FRAMEWORK\\praktikum modul 8\\praktikum8\\vendor\\laravel\\framework\\src\\Illuminate\\Pipeline\\Pipeline.php(183): Illuminate\\Auth\\Middleware\\RedirectIfAuthenticated->handle(Object(Illuminate\\Http\\Request), Object(Closure))
#25 E:\\Varhan Kuliah\\KULIAH\\Semester 4\\FRAMEWORK\\praktikum modul 8\\praktikum8\\vendor\\laravel\\framework\\src\\Illuminate\\Routing\\Middleware\\SubstituteBindings.php(50): Illuminate\\Pipeline\\Pipeline->Illuminate\\Pipeline\\{closure}(Object(Illuminate\\Http\\Request))
#26 E:\\Varhan Kuliah\\KULIAH\\Semester 4\\FRAMEWORK\\praktikum modul 8\\praktikum8\\vendor\\laravel\\framework\\src\\Illuminate\\Pipeline\\Pipeline.php(183): Illuminate\\Routing\\Middleware\\SubstituteBindings->handle(Object(Illuminate\\Http\\Request), Object(Closure))
#27 E:\\Varhan Kuliah\\KULIAH\\Semester 4\\FRAMEWORK\\praktikum modul 8\\praktikum8\\vendor\\laravel\\framework\\src\\Illuminate\\Foundation\\Http\\Middleware\\VerifyCsrfToken.php(88): Illuminate\\Pipeline\\Pipeline->Illuminate\\Pipeline\\{closure}(Object(Illuminate\\Http\\Request))
#28 E:\\Varhan Kuliah\\KULIAH\\Semester 4\\FRAMEWORK\\praktikum modul 8\\praktikum8\\vendor\\laravel\\framework\\src\\Illuminate\\Pipeline\\Pipeline.php(183): Illuminate\\Foundation\\Http\\Middleware\\VerifyCsrfToken->handle(Object(Illuminate\\Http\\Request), Object(Closure))
#29 E:\\Varhan Kuliah\\KULIAH\\Semester 4\\FRAMEWORK\\praktikum modul 8\\praktikum8\\vendor\\laravel\\framework\\src\\Illuminate\\View\\Middleware\\ShareErrorsFromSession.php(49): Illuminate\\Pipeline\\Pipeline->Illuminate\\Pipeline\\{closure}(Object(Illuminate\\Http\\Request))
#30 E:\\Varhan Kuliah\\KULIAH\\Semester 4\\FRAMEWORK\\praktikum modul 8\\praktikum8\\vendor\\laravel\\framework\\src\\Illuminate\\Pipeline\\Pipeline.php(183): Illuminate\\View\\Middleware\\ShareErrorsFromSession->handle(Object(Illuminate\\Http\\Request), Object(Closure))
#31 E:\\Varhan Kuliah\\KULIAH\\Semester 4\\FRAMEWORK\\praktikum modul 8\\praktikum8\\vendor\\laravel\\framework\\src\\Illuminate\\Session\\Middleware\\StartSession.php(121): Illuminate\\Pipeline\\Pipeline->Illuminate\\Pipeline\\{closure}(Object(Illuminate\\Http\\Request))
#32 E:\\Varhan Kuliah\\KULIAH\\Semester 4\\FRAMEWORK\\praktikum modul 8\\praktikum8\\vendor\\laravel\\framework\\src\\Illuminate\\Session\\Middleware\\StartSession.php(64): Illuminate\\Session\\Middleware\\StartSession->handleStatefulRequest(Object(Illuminate\\Http\\Request), Object(Illuminate\\Session\\Store), Object(Closure))
#33 E:\\Varhan Kuliah\\KULIAH\\Semester 4\\FRAMEWORK\\praktikum modul 8\\praktikum8\\vendor\\laravel\\framework\\src\\Illuminate\\Pipeline\\Pipeline.php(183): Illuminate\\Session\\Middleware\\StartSession->handle(Object(Illuminate\\Http\\Request), Object(Closure))
#34 E:\\Varhan Kuliah\\KULIAH\\Semester 4\\FRAMEWORK\\praktikum modul 8\\praktikum8\\vendor\\laravel\\framework\\src\\Illuminate\\Cookie\\Middleware\\AddQueuedCookiesToResponse.php(37): Illuminate\\Pipeline\\Pipeline->Illuminate\\Pipeline\\{closure}(Object(Illuminate\\Http\\Request))
#35 E:\\Varhan Kuliah\\KULIAH\\Semester 4\\FRAMEWORK\\praktikum modul 8\\praktikum8\\vendor\\laravel\\framework\\src\\Illuminate\\Pipeline\\Pipeline.php(183): Illuminate\\Cookie\\Middleware\\AddQueuedCookiesToResponse->handle(Object(Illuminate\\Http\\Request), Object(Closure))
#36 E:\\Varhan Kuliah\\KULIAH\\Semester 4\\FRAMEWORK\\praktikum modul 8\\praktikum8\\vendor\\laravel\\framework\\src\\Illuminate\\Cookie\\Middleware\\EncryptCookies.php(75): Illuminate\\Pipeline\\Pipeline->Illuminate\\Pipeline\\{closure}(Object(Illuminate\\Http\\Request))
#37 E:\\Varhan Kuliah\\KULIAH\\Semester 4\\FRAMEWORK\\praktikum modul 8\\praktikum8\\vendor\\laravel\\framework\\src\\Illuminate\\Pipeline\\Pipeline.php(183): Illuminate\\Cookie\\Middleware\\EncryptCookies->handle(Object(Illuminate\\Http\\Request), Object(Closure))
#38 E:\\Varhan Kuliah\\KULIAH\\Semester 4\\FRAMEWORK\\praktikum modul 8\\praktikum8\\vendor\\laravel\\framework\\src\\Illuminate\\Pipeline\\Pipeline.php(119): Illuminate\\Pipeline\\Pipeline->Illuminate\\Pipeline\\{closure}(Object(Illuminate\\Http\\Request))
#39 E:\\Varhan Kuliah\\KULIAH\\Semester 4\\FRAMEWORK\\praktikum modul 8\\praktikum8\\vendor\\laravel\\framework\\src\\Illuminate\\Routing\\Router.php(805): Illuminate\\Pipeline\\Pipeline->then(Object(Closure))
#40 E:\\Varhan Kuliah\\KULIAH\\Semester 4\\FRAMEWORK\\praktikum modul 8\\praktikum8\\vendor\\laravel\\framework\\src\\Illuminate\\Routing\\Router.php(784): Illuminate\\Routing\\Router->runRouteWithinStack(Object(Illuminate\\Routing\\Route), Object(Illuminate\\Http\\Request))
#41 E:\\Varhan Kuliah\\KULIAH\\Semester 4\\FRAMEWORK\\praktikum modul 8\\praktikum8\\vendor\\laravel\\framework\\src\\Illuminate\\Routing\\Router.php(748): Illuminate\\Routing\\Router->runRoute(Object(Illuminate\\Http\\Request), Object(Illuminate\\Routing\\Route))
#42 E:\\Varhan Kuliah\\KULIAH\\Semester 4\\FRAMEWORK\\praktikum modul 8\\praktikum8\\vendor\\laravel\\framework\\src\\Illuminate\\Routing\\Router.php(737): Illuminate\\Routing\\Router->dispatchToRoute(Object(Illuminate\\Http\\Request))
#43 E:\\Varhan Kuliah\\KULIAH\\Semester 4\\FRAMEWORK\\praktikum modul 8\\praktikum8\\vendor\\laravel\\framework\\src\\Illuminate\\Foundation\\Http\\Kernel.php(200): Illuminate\\Routing\\Router->dispatch(Object(Illuminate\\Http\\Request))
#44 E:\\Varhan Kuliah\\KULIAH\\Semester 4\\FRAMEWORK\\praktikum modul 8\\praktikum8\\vendor\\laravel\\framework\\src\\Illuminate\\Pipeline\\Pipeline.php(144): Illuminate\\Foundation\\Http\\Kernel->Illuminate\\Foundation\\Http\\{closure}(Object(Illuminate\\Http\\Request))
#45 E:\\Varhan Kuliah\\KULIAH\\Semester 4\\FRAMEWORK\\praktikum modul 8\\praktikum8\\vendor\\laravel\\framework\\src\\Illuminate\\Foundation\\Http\\Middleware\\TransformsRequest.php(21): Illuminate\\Pipeline\\Pipeline->Illuminate\\Pipeline\\{closure}(Object(Illuminate\\Http\\Request))
#46 E:\\Varhan Kuliah\\KULIAH\\Semester 4\\FRAMEWORK\\praktikum modul 8\\praktikum8\\vendor\\laravel\\framework\\src\\Illuminate\\Foundation\\Http\\Middleware\\ConvertEmptyStringsToNull.php(31): Illuminate\\Foundation\\Http\\Middleware\\TransformsRequest->handle(Object(Illuminate\\Http\\Request), Object(Closure))
#47 E:\\Varhan Kuliah\\KULIAH\\Semester 4\\FRAMEWORK\\praktikum modul 8\\praktikum8\\vendor\\laravel\\framework\\src\\Illuminate\\Pipeline\\Pipeline.php(183): Illuminate\\Foundation\\Http\\Middleware\\ConvertEmptyStringsToNull->handle(Object(Illuminate\\Http\\Request), Object(Closure))
#48 E:\\Varhan Kuliah\\KULIAH\\Semester 4\\FRAMEWORK\\praktikum modul 8\\praktikum8\\vendor\\laravel\\framework\\src\\Illuminate\\Foundation\\Http\\Middleware\\TransformsRequest.php(21): Illuminate\\Pipeline\\Pipeline->Illuminate\\Pipeline\\{closure}(Object(Illuminate\\Http\\Request))
#49 E:\\Varhan Kuliah\\KULIAH\\Semester 4\\FRAMEWORK\\praktikum modul 8\\praktikum8\\vendor\\laravel\\framework\\src\\Illuminate\\Foundation\\Http\\Middleware\\TrimStrings.php(51): Illuminate\\Foundation\\Http\\Middleware\\TransformsRequest->handle(Object(Illuminate\\Http\\Request), Object(Closure))
#50 E:\\Varhan Kuliah\\KULIAH\\Semester 4\\FRAMEWORK\\praktikum modul 8\\praktikum8\\vendor\\laravel\\framework\\src\\Illuminate\\Pipeline\\Pipeline.php(183): Illuminate\\Foundation\\Http\\Middleware\\TrimStrings->handle(Object(Illuminate\\Http\\Request), Object(Closure))
#51 E:\\Varhan Kuliah\\KULIAH\\Semester 4\\FRAMEWORK\\praktikum modul 8\\praktikum8\\vendor\\laravel\\framework\\src\\Illuminate\\Http\\Middleware\\ValidatePostSize.php(27): Illuminate\\Pipeline\\Pipeline->Illuminate\\Pipeline\\{closure}(Object(Illuminate\\Http\\Request))
#52 E:\\Varhan Kuliah\\KULIAH\\Semester 4\\FRAMEWORK\\praktikum modul 8\\praktikum8\\vendor\\laravel\\framework\\src\\Illuminate\\Pipeline\\Pipeline.php(183): Illuminate\\Http\\Middleware\\ValidatePostSize->handle(Object(Illuminate\\Http\\Request), Object(Closure))
#53 E:\\Varhan Kuliah\\KULIAH\\Semester 4\\FRAMEWORK\\praktikum modul 8\\praktikum8\\vendor\\laravel\\framework\\src\\Illuminate\\Foundation\\Http\\Middleware\\PreventRequestsDuringMaintenance.php(110): Illuminate\\Pipeline\\Pipeline->Illuminate\\Pipeline\\{closure}(Object(Illuminate\\Http\\Request))
#54 E:\\Varhan Kuliah\\KULIAH\\Semester 4\\FRAMEWORK\\praktikum modul 8\\praktikum8\\vendor\\laravel\\framework\\src\\Illuminate\\Pipeline\\Pipeline.php(183): Illuminate\\Foundation\\Http\\Middleware\\PreventRequestsDuringMaintenance->handle(Object(Illuminate\\Http\\Request), Object(Closure))
#55 E:\\Varhan Kuliah\\KULIAH\\Semester 4\\FRAMEWORK\\praktikum modul 8\\praktikum8\\vendor\\laravel\\framework\\src\\Illuminate\\Http\\Middleware\\HandleCors.php(49): Illuminate\\Pipeline\\Pipeline->Illuminate\\Pipeline\\{closure}(Object(Illuminate\\Http\\Request))
#56 E:\\Varhan Kuliah\\KULIAH\\Semester 4\\FRAMEWORK\\praktikum modul 8\\praktikum8\\vendor\\laravel\\framework\\src\\Illuminate\\Pipeline\\Pipeline.php(183): Illuminate\\Http\\Middleware\\HandleCors->handle(Object(Illuminate\\Http\\Request), Object(Closure))
#57 E:\\Varhan Kuliah\\KULIAH\\Semester 4\\FRAMEWORK\\praktikum modul 8\\praktikum8\\vendor\\laravel\\framework\\src\\Illuminate\\Http\\Middleware\\TrustProxies.php(57): Illuminate\\Pipeline\\Pipeline->Illuminate\\Pipeline\\{closure}(Object(Illuminate\\Http\\Request))
#58 E:\\Varhan Kuliah\\KULIAH\\Semester 4\\FRAMEWORK\\praktikum modul 8\\praktikum8\\vendor\\laravel\\framework\\src\\Illuminate\\Pipeline\\Pipeline.php(183): Illuminate\\Http\\Middleware\\TrustProxies->handle(Object(Illuminate\\Http\\Request), Object(Closure))
#59 E:\\Varhan Kuliah\\KULIAH\\Semester 4\\FRAMEWORK\\praktikum modul 8\\praktikum8\\vendor\\laravel\\framework\\src\\Illuminate\\Pipeline\\Pipeline.php(119): Illuminate\\Pipeline\\Pipeline->Illuminate\\Pipeline\\{closure}(Object(Illuminate\\Http\\Request))
#60 E:\\Varhan Kuliah\\KULIAH\\Semester 4\\FRAMEWORK\\praktikum modul 8\\praktikum8\\vendor\\laravel\\framework\\src\\Illuminate\\Foundation\\Http\\Kernel.php(175): Illuminate\\Pipeline\\Pipeline->then(Object(Closure))
#61 E:\\Varhan Kuliah\\KULIAH\\Semester 4\\FRAMEWORK\\praktikum modul 8\\praktikum8\\vendor\\laravel\\framework\\src\\Illuminate\\Foundation\\Http\\Kernel.php(144): Illuminate\\Foundation\\Http\\Kernel->sendRequestThroughRouter(Object(Illuminate\\Http\\Request))
#62 E:\\Varhan Kuliah\\KULIAH\\Semester 4\\FRAMEWORK\\praktikum modul 8\\praktikum8\\vendor\\laravel\\framework\\src\\Illuminate\\Foundation\\Application.php(1172): Illuminate\\Foundation\\Http\\Kernel->handle(Object(Illuminate\\Http\\Request))
#63 E:\\Varhan Kuliah\\KULIAH\\Semester 4\\FRAMEWORK\\praktikum modul 8\\praktikum8\\public\\index.php(17): Illuminate\\Foundation\\Application->handleRequest(Object(Illuminate\\Http\\Request))
#64 E:\\Varhan Kuliah\\KULIAH\\Semester 4\\FRAMEWORK\\praktikum modul 8\\praktikum8\\vendor\\laravel\\framework\\src\\Illuminate\\Foundation\\resources\\server.php(16): require_once('E:\\\\Varhan Kulia...')
#65 {main}
"} 
